<?xml version="1.0" encoding="UTF-8"?>
<!-- Generated by org.testng.reporters.JUnitReportReporter -->
<testsuite name="First_Iteration.login_Admin" tests="1" time="32.626" ignored="0" failures="0" timestamp="07 Jul 2017 11:55:23 GMT" skipped="0" hostname="DESKTOP-U2GB0TT" errors="0">
  <testcase name="validationoffileds" time="32.626" classname="First_Iteration.login_Admin"/>
</testsuite> <!-- First_Iteration.login_Admin -->
