<?xml version="1.0" encoding="UTF-8"?>
<!-- Generated by org.testng.reporters.JUnitReportReporter -->
<testsuite skipped="0" hostname="sys49" name="Regression.Test_Staff" tests="1" failures="0" timestamp="05 Mar 2018 09:44:18 GMT" time="9.824" errors="0">
  <testcase name="edit_Staff" time="9.824" classname="Regression.Test_Staff"/>
</testsuite> <!-- Regression.Test_Staff -->
