<?xml version="1.0" encoding="UTF-8"?>
<!-- Generated by org.testng.reporters.JUnitReportReporter -->
<testsuite skipped="0" hostname="sys49" name="Regression.Test_AdmEnq" tests="1" failures="0" timestamp="27 Feb 2018 12:11:01 GMT" time="6.549" errors="0">
  <testcase name="visitorCategoryEdit" time="6.549" classname="Regression.Test_AdmEnq"/>
</testsuite> <!-- Regression.Test_AdmEnq -->
