<?xml version="1.0" encoding="UTF-8"?>
<!-- Generated by org.testng.reporters.JUnitReportReporter -->
<testsuite skipped="0" hostname="sys49" name="Regression.TestDemo" tests="1" failures="0" timestamp="31 Jan 2018 12:00:20 GMT" time="32.462" errors="0">
  <testcase name="TestDate" time="32.462" classname="Regression.TestDemo"/>
</testsuite> <!-- Regression.TestDemo -->
