<?xml version="1.0" encoding="UTF-8"?>
<!-- Generated by org.testng.reporters.JUnitReportReporter -->
<testsuite skipped="0" hostname="sys49" name="Regression.Test_HolidayCalendar" tests="5" failures="0" timestamp="08 Mar 2018 10:10:52 GMT" time="132.602" errors="0">
  <testcase name="verifyFieldsLable" time="25.358" classname="Regression.Test_HolidayCalendar"/>
  <testcase name="verifyAddHoliday" time="28.842" classname="Regression.Test_HolidayCalendar"/>
  <testcase name="verifySearchHoliday" time="27.593" classname="Regression.Test_HolidayCalendar"/>
  <testcase name="verifySelectAllChkBox" time="24.811" classname="Regression.Test_HolidayCalendar"/>
  <testcase name="verifyDeleteHoliday" time="25.998" classname="Regression.Test_HolidayCalendar"/>
</testsuite> <!-- Regression.Test_HolidayCalendar -->
