<?xml version="1.0" encoding="UTF-8"?>
<!-- Generated by org.testng.reporters.JUnitReportReporter -->
<testsuite skipped="0" hostname="sys49" name="Regression.Test_Sms" tests="1" failures="0" timestamp="27 Oct 2017 10:59:30 GMT" time="4.614" errors="0">
  <testcase name="smsToAllCheckbox" time="4.614" classname="Regression.Test_Sms"/>
</testsuite> <!-- Regression.Test_Sms -->
