<?xml version="1.0" encoding="UTF-8"?>
<!-- Generated by org.testng.reporters.JUnitReportReporter -->
<testsuite name="Regression.Test_Login" tests="2" time="24.671" ignored="0" failures="0" timestamp="21 Sep 2017 12:38:14 GMT" skipped="0" hostname="sys49" errors="0">
  <testcase name="std_Login" time="11.913" classname="Regression.Test_Login"/>
  <testcase name="adm_Login" time="12.758" classname="Regression.Test_Login"/>
</testsuite> <!-- Regression.Test_Login -->
